<?xml version="1.0" encoding="UTF-8"?>
<!-- Generated by org.testng.reporters.JUnitReportReporter -->
<testsuite hostname="LPCAIQ1001" failures="0" tests="3" name="Challenge_Tests.NegativeLoginTest_20" time="2.780" errors="0" timestamp="2022-10-25T09:17:07 EET" skipped="0">
  <testcase classname="Challenge_Tests.NegativeLoginTest_20" name="NegativeLogin" time="1.091"/>
  <system-out/>
  <testcase classname="Challenge_Tests.NegativeLoginTest_20" name="NegativeLogin" time="0.841"/>
  <system-out/>
  <testcase classname="Challenge_Tests.NegativeLoginTest_20" name="NegativeLogin" time="0.848"/>
  <system-out/>
</testsuite> <!-- Challenge_Tests.NegativeLoginTest_20 -->
